<?xml version="1.0" encoding="UTF-8"?>
<!-- Generated by org.testng.reporters.JUnitReportReporter -->
<testsuite hostname="Mevster-PC" failures="0" tests="1" name="Login.LoginTest" time="0.013" errors="0" timestamp="26 Jun 2024 06:34:43 GMT">
  <testcase classname="Login.LoginTest" name="setUp" time="0.013"/>
</testsuite> <!-- Login.LoginTest -->
